<?xml version="1.0" encoding="UTF-8"?>
<testsuite name="io.github.malczuuu.problem4j.jackson3.ProblemDeserializerTests" tests="6" skipped="0" failures="0" errors="0" timestamp="2025-10-10T22:26:14.526Z" hostname="DESKTOP-9A4DLCQ" time="0.328">
  <properties/>
  <testcase name="[1] type=http://exa mple.com" classname="io.github.malczuuu.problem4j.jackson3.ProblemDeserializerTests" time="0.304"/>
  <testcase name="[2] type=http://example.com/&lt;&gt;" classname="io.github.malczuuu.problem4j.jackson3.ProblemDeserializerTests" time="0.002"/>
  <testcase name="[3] type=http://[::1" classname="io.github.malczuuu.problem4j.jackson3.ProblemDeserializerTests" time="0.002"/>
  <testcase name="[4] type=null" classname="io.github.malczuuu.problem4j.jackson3.ProblemDeserializerTests" time="0.003"/>
  <testcase name="givenManualRegisteredModules_whenDeserializing_shouldDeserialize()" classname="io.github.malczuuu.problem4j.jackson3.ProblemDeserializerTests" time="0.005"/>
  <testcase name="givenAutoRegisteredModules_whenDeserializing_shouldDeserialize()" classname="io.github.malczuuu.problem4j.jackson3.ProblemDeserializerTests" time="0.004"/>
  <system-out><![CDATA[]]></system-out>
  <system-err><![CDATA[]]></system-err>
</testsuite>
